Array
(
    [0] => Array
        (
        )

    [1] => Array
        (
        )

    [2] => 0
)
得到的值为：0/0
Array
(
    [0] => Array
        (
            [0] => 0
        )

    [1] => Array
        (
            [0] => 1
            [1] => 1
            [-1] => 1
        )

    [2] => 0
)
得到的值为：2/1
Array
(
    [0] => Array
        (
            [0] => 0
            [1] => 2
        )

    [1] => Array
        (
            [0] => 1
            [2] => 1
            [-2] => 1
            [3] => 1
            [1] => 1
        )

    [2] => 0
)
得到的值为：4/2
Array
(
    [0] => Array
        (
            [0] => 0
            [1] => 2
            [2] => 4
        )

    [1] => Array
        (
            [0] => 1
            [3] => 1
            [-3] => 1
            [2] => 1
            [4] => 1
            [5] => 1
        )

    [2] => 0
)
得到的值为：1/3
Array
(
    [0] => Array
        (
            [0] => 0
            [1] => 2
            [2] => 4
            [3] => 1
        )

    [1] => Array
        (
            [0] => 1
            [4] => 1
            [-4] => 1
            [2] => 1
            [5] => 1
            [-1] => 1
            [6] => 1
            [1] => 1
        )

    [2] => 0
)
得到的值为：3/4
Array
(
    [0] => 0
    [1] => 2
    [2] => 4
    [3] => 1
    [4] => 3
)
